User provided prteome id UP000000589. Downloading the proteome file from uniprot

Uniprot Data downloaded and decompressed successfully, saved as UP000000589_proteome_uniprot_data.tsv
Background file is created successfully and saved as background.txt
..Working for upregulated genes KO vs WT
..Working for individual database KEGG_2019_Mouse
..Analysis done
..Working for individual database GO_Biological_Process_2023
..Analysis done
..Working for individual database WikiPathways_2019_Mouse
..Analysis done
..Working for KEGG_2019_Mouse,GO_Biological_Process_2023,WikiPathways_2019_Mouse
..Analysis done
ValueError: Warning: No enrich terms when cutoff = 0.05 for KEGG_2019_Mouse
ValueError: Warning: No enrich terms when cutoff = 0.05 for GO_Biological_Process_2023
...Displaying the top 10 enriched results for WikiPathways_2019_Mouse
                  Gene_set                                               Term   P-value  ...  Odds Ratio  Combined Score                     Genes
0  WikiPathways_2019_Mouse                               Lung fibrosis WP3632  0.000260  ...    9.758358       80.566040  CCL4;TGFA;HMOX1;MT2;CCN2
1  WikiPathways_2019_Mouse                            Hypertrophy Model WP202  0.000850  ...   18.744099      132.521718          NR4A3;CCN1;HBEGF
2  WikiPathways_2019_Mouse                      ErbB signaling pathway WP1261  0.000936  ...   10.165446       70.891451     CDKN1A;MYC;TGFA;HBEGF
3  WikiPathways_2019_Mouse                                  Keap1-Nrf2 WP1245  0.007563  ...   17.595992       85.947966                HMOX1;GCLM
4  WikiPathways_2019_Mouse                     Biogenic Amine Synthesis WP522  0.008672  ...   16.241480       77.108574                  PNMT;PAH
5  WikiPathways_2019_Mouse  BMP Signaling Pathway in Eyelid Development WP...  0.015214  ...   11.726442       49.081782                TGFA;INHBB
6  WikiPathways_2019_Mouse                               p53 signaling WP2902  0.023890  ...    5.125642       19.140748   CDKN1A;SERPINE1;GADD45G
7  WikiPathways_2019_Mouse                             Oxidative Stress WP412  0.028810  ...    8.114411       28.782149                 HMOX1;MT1
8  WikiPathways_2019_Mouse  Nuclear receptors in lipid metabolism and toxi...  0.032749  ...    7.533906       25.757503            CYP2B10;ABCB11
9  WikiPathways_2019_Mouse     Hypothetical Network for Drug Addiction WP1246  0.034794  ...    7.273680       24.427368              ACTA1;GRIN2C

[10 rows x 9 columns]
..Working for downregulated genes KO vs WT
..Working for individual database KEGG_2019_Mouse
..Analysis done
..Working for individual database GO_Biological_Process_2023
..Analysis done
..Working for individual database WikiPathways_2019_Mouse
..Analysis done
..Working for KEGG_2019_Mouse,GO_Biological_Process_2023,WikiPathways_2019_Mouse
..Analysis done
..Preparing files for prerank analysis. To me this made most sense. Here genes are ranked based on Pvalue and fold change by multiplying and getting the product.
..Prerank analysis underway.
..Analysis complete.
..Plotting figures from enrichment.
..GSEA plot complete.
..GSEA plot for top20 terms complete.
..more controlled GSEA plot complete.
..GSEA dot plot generated.
..Working on network visualization.
..Network visualization generated and saved.
